
 
                    _ooOoo_
                   o8888888o    __________________________________
                   88" . "88   |  数据处理无错误  模型改进超有效  |
                   (| -_- |)   |  运行不会突中断  高高兴兴发论文  |
                    O\ = /O    <__________________________________|
                ____/`---'\____
              .   ' \\| |// `.
               / \\||| : |||// \
             / _||||| -:- |||||- \
               | | \\\ - /// | |
             | \_| ''\---/'' | |
              \ .-\__ `-` ___/-. /
           ___`. .' /--.--\ `. . __
        ."" '< `.___\_<|>_/___.' >'"".
       | | : `- \`.;`\ _ /`;.`/ - ` : | |
         \ \ `-. \_ __\ /__ _/ .-` / /
 ======`-.____`-.___\_____/___.-`____.-'======
                    `=---='
 
 .............................................
          佛祖保佑             世界和平

/home/ldmc/anaconda3/envs/anlin_env/lib/python3.8/site-packages/torch/nn/parallel/distributed.py:363: UserWarning: Single-Process Multi-GPU is not the recommended mode for DDP. In this mode, each DDP instance operates on multiple devices and creates multiple module replicas within one process. The overhead of scatter/gather and GIL contention in every forward pass can slow down training. Please consider using one DDP instance per device or per module replica by explicitly setting device_ids or CUDA_VISIBLE_DEVICES. 
  warnings.warn(
f1: 0.379790817459909, p: 0.6622516468575941, r: 0.26624068015846286
Current F1 0.379790817459909 is better than before 0
f1: 0.6050568530381002, p: 0.6763157850242383, r: 0.5473908384057996
Current F1 0.6050568530381002 is better than before 0.379790817459909
f1: 0.6161830262003323, p: 0.6768642404278888, r: 0.5654952046565751
Current F1 0.6161830262003323 is better than before 0.6050568530381002
f1: 0.6673266875925876, p: 0.627579734392215, r: 0.7124600601040465
Current F1 0.6673266875925876 is better than before 0.6161830262003323
f1: 0.6974950151530755, p: 0.6573986773920891, r: 0.7428114976421113
Current F1 0.6974950151530755 is better than before 0.6673266875925876
f1: 0.6015036441898249, p: 0.733895699893438, r: 0.5095846618232979
f1: 0.6994651085573516, p: 0.664748198250608, r: 0.7380191653992589
Current F1 0.6994651085573516 is better than before 0.6974950151530755
f1: 0.7069041275270321, p: 0.6488651506503553, r: 0.7763578233420776
Current F1 0.7069041275270321 is better than before 0.6994651085573516
f1: 0.7089924316289413, p: 0.6853876705497631, r: 0.7342917958770405
Current F1 0.7089924316289413 is better than before 0.7069041275270321
f1: 0.7048959370124954, p: 0.6905005071986695, r: 0.7199147991484836
threshold: 0.4, f1: 0.7130513326258457, p: 0.6624029206834037, r: 0.7720979724595423.
threshold: 0.45, f1: 0.7134127300025066, p: 0.6800193017373585, r: 0.7502662366865482.
threshold: 0.5, f1: 0.7048959370124954, p: 0.6905005071986695, r: 0.7199147991484836.
threshold: 0.55, f1: 0.6956706730965477, p: 0.7063666261999636, r: 0.6853035107278833.
threshold: 0.6, f1: 0.6833470929992123, p: 0.7240762769721318, r: 0.6469648527850647.
threshold: 0.65, f1: 0.6621651356068499, p: 0.7369451649024468, r: 0.6011714557978091.
threshold: 0.7, f1: 0.6176881768313452, p: 0.7479182380929732, r: 0.5260915839931226.
threshold: 0.75, f1: 0.5591278657762236, p: 0.7688723134308265, r: 0.43929712226146367.
threshold: 0.8, f1: 0.4705399245252536, p: 0.7966963049975057, r: 0.3338658129187124.
threshold: 0.85, f1: 0.3223286191076645, p: 0.8263736082115691, r: 0.20021299147916405.
