
 
                    _ooOoo_
                   o8888888o    __________________________________
                   88" . "88   |  数据处理无错误  模型改进超有效  |
                   (| -_- |)   |  运行不会突中断  高高兴兴发论文  |
                    O\ = /O    <__________________________________|
                ____/`---'\____
              .   ' \\| |// `.
               / \\||| : |||// \
             / _||||| -:- |||||- \
               | | \\\ - /// | |
             | \_| ''\---/'' | |
              \ .-\__ `-` ___/-. /
           ___`. .' /--.--\ `. . __
        ."" '< `.___\_<|>_/___.' >'"".
       | | : `- \`.;`\ _ /`;.`/ - ` : | |
         \ \ `-. \_ __\ /__ _/ .-` / /
 ======`-.____`-.___\_____/___.-`____.-'======
                    `=---='
 
 .............................................
          佛祖保佑             世界和平

/home/ldmc/anaconda3/envs/anlin_env/lib/python3.8/site-packages/torch/nn/parallel/distributed.py:363: UserWarning: Single-Process Multi-GPU is not the recommended mode for DDP. In this mode, each DDP instance operates on multiple devices and creates multiple module replicas within one process. The overhead of scatter/gather and GIL contention in every forward pass can slow down training. Please consider using one DDP instance per device or per module replica by explicitly setting device_ids or CUDA_VISIBLE_DEVICES. 
  warnings.warn(
f1: 0.0, p: 0.0, r: 0.0
f1: 0.5541658588203667, p: 0.6930455580092282, r: 0.46166133939477455
Current F1 0.5541658588203667 is better than before 0
f1: 0.6722004495049994, p: 0.6375358135743274, r: 0.7108626160230958
Current F1 0.6722004495049994 is better than before 0.5541658588203667
f1: 0.6196975091273663, p: 0.6551928744498939, r: 0.5878594217898859
f1: 0.6772836822532338, p: 0.6871232839061738, r: 0.6677316258374248
Current F1 0.6772836822532338 is better than before 0.6722004495049994
f1: 0.6621226773273078, p: 0.7085610157342986, r: 0.6214057474898522
f1: 0.7029652956844011, p: 0.6882653026108914, r: 0.7183173550675327
Current F1 0.7029652956844011 is better than before 0.6772836822532338
f1: 0.7130840029406609, p: 0.7013388223412007, r: 0.7252396127516527
Current F1 0.7130840029406609 is better than before 0.7029652956844011
f1: 0.710725948523734, p: 0.6924242389271503, r: 0.7300319449945051
f1: 0.7050832653160071, p: 0.6879432589263259, r: 0.723109687310385
threshold: 0.4, f1: 0.72109011681224, p: 0.6665160385607047, r: 0.7854100064674654.
threshold: 0.45, f1: 0.7139929971272436, p: 0.6771728716467389, r: 0.7550585689294006.
threshold: 0.5, f1: 0.7050832653160071, p: 0.6879432589263259, r: 0.723109687310385.
threshold: 0.55, f1: 0.6992956960970361, p: 0.7065217352906428, r: 0.6922257684120033.
threshold: 0.6, f1: 0.6794424339202779, p: 0.7219892107729826, r: 0.6416400391818954.
threshold: 0.65, f1: 0.6525323830142487, p: 0.7425271688687013, r: 0.5820021268263997.
threshold: 0.7, f1: 0.6081636678979772, p: 0.7587579557423729, r: 0.5074547363820302.
threshold: 0.75, f1: 0.5262741836324598, p: 0.7795193230980217, r: 0.39723109479642654.
threshold: 0.8, f1: 0.398376918979706, p: 0.8310810670425496, r: 0.2619808292759274.
threshold: 0.85, f1: 0.16231715602102675, p: 0.8749999544270857, r: 0.08945686853324351.
