nohup: 忽略输入

 
                    _ooOoo_
                   o8888888o    __________________________________
                   88" . "88   |  数据处理无错误  模型改进超有效  |
                   (| -_- |)   |  运行不会突中断  高高兴兴发论文  |
                    O\ = /O    <__________________________________|
                ____/`---'\____
              .   ' \\| |// `.
               / \\||| : |||// \
             / _||||| -:- |||||- \
               | | \\\ - /// | |
             | \_| ''\---/'' | |
              \ .-\__ `-` ___/-. /
           ___`. .' /--.--\ `. . __
        ."" '< `.___\_<|>_/___.' >'"".
       | | : `- \`.;`\ _ /`;.`/ - ` : | |
         \ \ `-. \_ __\ /__ _/ .-` / /
 ======`-.____`-.___\_____/___.-`____.-'======
                    `=---='
 
 .............................................
          佛祖保佑             世界和平

/home/ldmc/anaconda3/envs/anlin_env/lib/python3.8/site-packages/torch/nn/parallel/distributed.py:363: UserWarning: Single-Process Multi-GPU is not the recommended mode for DDP. In this mode, each DDP instance operates on multiple devices and creates multiple module replicas within one process. The overhead of scatter/gather and GIL contention in every forward pass can slow down training. Please consider using one DDP instance per device or per module replica by explicitly setting device_ids or CUDA_VISIBLE_DEVICES. 
  warnings.warn(
f1: 0.6253772273839773, p: 0.5064335202903332, r: 0.8173588924387647
Current F1 0.6253772273839773 is better than before 0
f1: 0.6221837373563261, p: 0.4845605700712589, r: 0.8690095846645367
f1: 0.6461185812258604, p: 0.5155456852791879, r: 0.8652822151224707
Current F1 0.6461185812258604 is better than before 0.6253772273839773
f1: 0.6683625500461415, p: 0.5562632696390658, r: 0.8370607028753994
Current F1 0.6683625500461415 is better than before 0.6461185812258604
f1: 0.6638939347419273, p: 0.5440626063286832, r: 0.8514376996805112
f1: 0.674009620796851, p: 0.5598591549295775, r: 0.8466453674121406
Current F1 0.674009620796851 is better than before 0.6683625500461415
f1: 0.6580412393972738, p: 0.5354041416165665, r: 0.8535676251331203
f1: 0.6665245214386731, p: 0.5437121721587088, r: 0.8610223642172524
f1: 0.6818627052738803, p: 0.5757242390905757, r: 0.8359957401490948
Current F1 0.6818627052738803 is better than before 0.674009620796851
f1: 0.6821788754992819, p: 0.5660112359550562, r: 0.858359957401491
Current F1 0.6821788754992819 is better than before 0.6818627052738803
f1: 0.6814476577016952, p: 0.5758912164645351, r: 0.8343982960596379
f1: 0.6762299130032147, p: 0.5601398601398602, r: 0.853035143769968
f1: 0.6865303524906851, p: 0.5746590093323761, r: 0.8525026624068157
Current F1 0.6865303524906851 is better than before 0.6821788754992819
f1: 0.6868857474743731, p: 0.5791012056996712, r: 0.8439829605963791
Current F1 0.6868857474743731 is better than before 0.6865303524906851
f1: 0.6898383248809306, p: 0.6016646848989299, r: 0.8083067092651757
Current F1 0.6898383248809306 is better than before 0.6868857474743731
f1: 0.6892960008314767, p: 0.5936898807233552, r: 0.821618743343983
f1: 0.6941910122113986, p: 0.6098347440548166, r: 0.8056443024494143
Current F1 0.6941910122113986 is better than before 0.6898383248809306
f1: 0.6969510368374469, p: 0.6077654516640254, r: 0.8168264110756124
Current F1 0.6969510368374469 is better than before 0.6941910122113986
f1: 0.6960023689536038, p: 0.6063241106719368, r: 0.8168264110756124
f1: 0.6960023689536038, p: 0.6063241106719368, r: 0.8168264110756124
f1: 0.6957064774174312, p: 0.6061684460260973, r: 0.8162939297124601
f1: 0.6957064774174312, p: 0.6061684460260973, r: 0.8162939297124601
f1: 0.6963790044075516, p: 0.6077808654227869, r: 0.8152289669861554
f1: 0.6963992929751406, p: 0.6081081081081081, r: 0.8146964856230032
f1: 0.696557818572042, p: 0.6083499005964215, r: 0.8146964856230032
threshold: 0.4, f1: 0.6891903339626908, p: 0.5916030534351145, r: 0.825346112886049.
threshold: 0.45, f1: 0.6932024978807492, p: 0.6000778816199377, r: 0.8205537806176784.
threshold: 0.5, f1: 0.696557818572042, p: 0.6083499005964215, r: 0.8146964856230032.
threshold: 0.55, f1: 0.6975302209923039, p: 0.6146975233455136, r: 0.8061767838125665.
threshold: 0.6, f1: 0.697007214175344, p: 0.6205320033250208, r: 0.7949946751863685.
threshold: 0.65, f1: 0.6989504242603867, p: 0.6306769494430163, r: 0.7838125665601704.
threshold: 0.7, f1: 0.7006227595377137, p: 0.6409010600706714, r: 0.7726304579339723.
