nohup: 忽略输入

 
                    _ooOoo_
                   o8888888o    __________________________________
                   88" . "88   |  数据处理无错误  模型改进超有效  |
                   (| -_- |)   |  运行不会突中断  高高兴兴发论文  |
                    O\ = /O    <__________________________________|
                ____/`---'\____
              .   ' \\| |// `.
               / \\||| : |||// \
             / _||||| -:- |||||- \
               | | \\\ - /// | |
             | \_| ''\---/'' | |
              \ .-\__ `-` ___/-. /
           ___`. .' /--.--\ `. . __
        ."" '< `.___\_<|>_/___.' >'"".
       | | : `- \`.;`\ _ /`;.`/ - ` : | |
         \ \ `-. \_ __\ /__ _/ .-` / /
 ======`-.____`-.___\_____/___.-`____.-'======
                    `=---='
 
 .............................................
          佛祖保佑             世界和平

/home/ldmc/anaconda3/envs/anlin_env/lib/python3.8/site-packages/torch/nn/parallel/distributed.py:363: UserWarning: Single-Process Multi-GPU is not the recommended mode for DDP. In this mode, each DDP instance operates on multiple devices and creates multiple module replicas within one process. The overhead of scatter/gather and GIL contention in every forward pass can slow down training. Please consider using one DDP instance per device or per module replica by explicitly setting device_ids or CUDA_VISIBLE_DEVICES. 
  warnings.warn(
f1: 0.6007144306071783, p: 0.5804369414101291, r: 0.6224707135250266
Current F1 0.6007144306071783 is better than before 0
f1: 0.6643014050221885, p: 0.5683453237410072, r: 0.7992545260915868
Current F1 0.6643014050221885 is better than before 0.6007144306071783
f1: 0.6771152867197747, p: 0.5784905660377359, r: 0.8162939297124601
Current F1 0.6771152867197747 is better than before 0.6643014050221885
f1: 0.6700170405034543, p: 0.5687221396731055, r: 0.8152289669861554
f1: 0.6783828396265958, p: 0.5678391959798995, r: 0.8423855165069223
Current F1 0.6783828396265958 is better than before 0.6771152867197747
f1: 0.6832867906706809, p: 0.6425891181988743, r: 0.7294994675186368
Current F1 0.6832867906706809 is better than before 0.6783828396265958
f1: 0.6875226936837279, p: 0.5864661654135338, r: 0.8306709265175719
Current F1 0.6875226936837279 is better than before 0.6832867906706809
f1: 0.6799032380809202, p: 0.559724612736661, r: 0.865814696485623
f1: 0.6928202367211508, p: 0.5983733539891557, r: 0.8226837060702875
Current F1 0.6928202367211508 is better than before 0.6875226936837279
f1: 0.6920473890192804, p: 0.5922697991663509, r: 0.8322683706070287
f1: 0.6897106947694139, p: 0.5854383358098069, r: 0.8391906283280085
f1: 0.6970266087053253, p: 0.606706114398422, r: 0.8189563365282215
Current F1 0.6970266087053253 is better than before 0.6928202367211508
f1: 0.6861105313310955, p: 0.5833644162625886, r: 0.832800851970181
f1: 0.7001722895607231, p: 0.5993176648976497, r: 0.84185303514377
Current F1 0.7001722895607231 is better than before 0.6970266087053253
f1: 0.7136782959815516, p: 0.6372384937238493, r: 0.8109691160809371
Current F1 0.7136782959815516 is better than before 0.7001722895607231
f1: 0.7092247876434687, p: 0.6269938650306749, r: 0.8162939297124601
f1: 0.700511859751512, p: 0.6059075009716285, r: 0.8301384451544196
f1: 0.7086856980843699, p: 0.6274107509232663, r: 0.8141640042598509
f1: 0.7083188158431624, p: 0.6246441642944286, r: 0.8178913738019169
f1: 0.7093000985553515, p: 0.6261720342437831, r: 0.8178913738019169
f1: 0.7090313709034177, p: 0.6263781135157207, r: 0.8168264110756124
f1: 0.7087329509171181, p: 0.6262254901960784, r: 0.8162939297124601
f1: 0.7098816328071742, p: 0.6280213027447767, r: 0.8162939297124601
f1: 0.7100761963461802, p: 0.6286417726713172, r: 0.8157614483493077
f1: 0.7118909918709235, p: 0.6314921681780709, r: 0.8157614483493077
threshold: 0.4, f1: 0.6964518978300915, p: 0.6043869956913435, r: 0.821618743343983.
threshold: 0.45, f1: 0.7052582566348713, p: 0.6183788121990369, r: 0.8205537806176784.
threshold: 0.5, f1: 0.7118909918709235, p: 0.6314921681780709, r: 0.8157614483493077.
threshold: 0.55, f1: 0.7128337000695234, p: 0.639205745669624, r: 0.8056443024494143.
threshold: 0.6, f1: 0.713080282343516, p: 0.6493222562308701, r: 0.7907348242811502.
threshold: 0.65, f1: 0.7111061454116431, p: 0.656743346865133, r: 0.7752928647497338.
threshold: 0.7, f1: 0.7103775361840348, p: 0.6657355679702048, r: 0.7614483493077743.
threshold: 0.75, f1: 0.7057873026374106, p: 0.677609015188633, r: 0.7364217252396166.
threshold: 0.8, f1: 0.7058463447647214, p: 0.6988517745302714, r: 0.7129925452609158.
threshold: 0.85, f1: 0.687098017204386, p: 0.7137119908204246, r: 0.6624068157614483.
