
 
                    _ooOoo_
                   o8888888o    __________________________________
                   88" . "88   |  数据处理无错误  模型改进超有效  |
                   (| -_- |)   |  运行不会突中断  高高兴兴发论文  |
                    O\ = /O    <__________________________________|
                ____/`---'\____
              .   ' \\| |// `.
               / \\||| : |||// \
             / _||||| -:- |||||- \
               | | \\\ - /// | |
             | \_| ''\---/'' | |
              \ .-\__ `-` ___/-. /
           ___`. .' /--.--\ `. . __
        ."" '< `.___\_<|>_/___.' >'"".
       | | : `- \`.;`\ _ /`;.`/ - ` : | |
         \ \ `-. \_ __\ /__ _/ .-` / /
 ======`-.____`-.___\_____/___.-`____.-'======
                    `=---='
 
 .............................................
          佛祖保佑             世界和平

/home/ldmc/anaconda3/envs/anlin_env/lib/python3.8/site-packages/torch/nn/parallel/distributed.py:363: UserWarning: Single-Process Multi-GPU is not the recommended mode for DDP. In this mode, each DDP instance operates on multiple devices and creates multiple module replicas within one process. The overhead of scatter/gather and GIL contention in every forward pass can slow down training. Please consider using one DDP instance per device or per module replica by explicitly setting device_ids or CUDA_VISIBLE_DEVICES. 
  warnings.warn(
f1: 0.6069550863820761, p: 0.5842364503239584, r: 0.6315228933358739
Current F1 0.6069550863820761 is better than before 0
f1: 0.6644499069013478, p: 0.5682936036008566, r: 0.7997870031960224
Current F1 0.6644499069013478 is better than before 0.6069550863820761
f1: 0.6769657763939357, p: 0.5782723478752457, r: 0.8162939253658471
Current F1 0.6769657763939357 is better than before 0.6644499069013478
f1: 0.6700170375711909, p: 0.5687221375604675, r: 0.8152289626452132
f1: 0.6782374163369029, p: 0.5676354482682617, r: 0.8423855120213765
Current F1 0.6782374163369029 is better than before 0.6769657763939357
f1: 0.6831164329447804, p: 0.642287854466536, r: 0.7294994636341882
Current F1 0.6831164329447804 is better than before 0.6782374163369029
f1: 0.6885414016119259, p: 0.5871525146989011, r: 0.8322683661753548
Current F1 0.6885414016119259 is better than before 0.6831164329447804
f1: 0.6796190528703352, p: 0.5593395233596852, r: 0.8658146918753211
f1: 0.6928202336143107, p: 0.5983733516716756, r: 0.8226837016896502
Current F1 0.6928202336143107 is better than before 0.6885414016119259
f1: 0.6926262525859875, p: 0.5925785664802022, r: 0.8333333288959887
threshold: 0.4, f1: 0.6769053406723697, p: 0.5596936980170772, r: 0.8562300273896165.
threshold: 0.45, f1: 0.6827434027065427, p: 0.5732368876193964, r: 0.8439829561023272.
threshold: 0.5, f1: 0.6926262525859875, p: 0.5925785664802022, r: 0.8333333288959887.
threshold: 0.55, f1: 0.6937153519814658, p: 0.6040268432529536, r: 0.8146964812848962.
threshold: 0.6, f1: 0.7018555419122593, p: 0.623038808327668, r: 0.8035143727182409.
threshold: 0.65, f1: 0.7086488899384612, p: 0.6459246246891996, r: 0.7848775251071485.
threshold: 0.7, f1: 0.7088999802428995, p: 0.6668230846230732, r: 0.7566560130103513.
threshold: 0.75, f1: 0.6956471742543396, p: 0.6767371567133074, r: 0.7156549482659481.
threshold: 0.8, f1: 0.6843205047819605, p: 0.7023542561527228, r: 0.6671991444771078.
threshold: 0.85, f1: 0.6428309321978354, p: 0.7295469862775728, r: 0.5745473877819628.
